<?xml version="1.0" encoding="UTF-8"?>
<!-- Generated by org.testng.reporters.JUnitReportReporter -->
<testsuite hostname="DESKTOP-6P8D5VU" failures="0" tests="3" name="testcases.TestCase1" time="0.007" errors="0"
           timestamp="2021-02-17T09:54:01 MSK" skipped="0">
    <testcase classname="testcases.TestCase1" name="doUserRegistration" time="0.003"/>
    <testcase classname="testcases.TestCase1" name="doLogin" time="0.001"/>
    <testcase classname="testcases.TestCase1" name="isSkip" time="0.003"/>
</testsuite> <!-- testcases.TestCase1 -->
